Copyright 1986-2022 Xilinx, Inc. All Rights Reserved. Copyright 2022-2023 Advanced Micro Devices, Inc. All Rights Reserved.
---------------------------------------------------------------------------------------------------------------------------------------------
| Tool Version : Vivado v.2023.2 (win64) Build 4029153 Fri Oct 13 20:14:34 MDT 2023
| Date         : Tue Nov 12 12:00:37 2024
| Host         : zhengdt running 64-bit major release  (build 9200)
| Command      : upgrade_ip
| Device       : xc7z020clg400-2
---------------------------------------------------------------------------------------------------------------------------------------------

Upgrade Log for IP 'system_wtc_v2_0_0'

1. Summary
----------

SUCCESS in the upgrade of system_wtc_v2_0_0 (eternal_water:user:stereo_matching:3.1) from (Rev. 6) to (Rev. 7)






Copyright 1986-2022 Xilinx, Inc. All Rights Reserved. Copyright 2022-2023 Advanced Micro Devices, Inc. All Rights Reserved.
---------------------------------------------------------------------------------------------------------------------------------------------
| Tool Version : Vivado v.2023.2 (win64) Build 4029153 Fri Oct 13 20:14:34 MDT 2023
| Date         : Tue Nov 12 11:59:37 2024
| Host         : zhengdt running 64-bit major release  (build 9200)
| Command      : upgrade_ip
| Device       : xc7z020clg400-2
---------------------------------------------------------------------------------------------------------------------------------------------

Upgrade Log for IP 'system_ov5640_capture_data_0_2'

1. Summary
----------

SUCCESS in the upgrade of system_ov5640_capture_data_0_2 from alientek.com:user:ov5640_capture_data:1.0 (Rev. 3) to eternal_water:user:ov5640_driver:1.0 (Rev. 1)






Copyright 1986-2022 Xilinx, Inc. All Rights Reserved. Copyright 2022-2023 Advanced Micro Devices, Inc. All Rights Reserved.
---------------------------------------------------------------------------------------------------------------------------------------------
| Tool Version : Vivado v.2023.2 (win64) Build 4029153 Fri Oct 13 20:14:34 MDT 2023
| Date         : Tue Nov 12 11:59:37 2024
| Host         : zhengdt running 64-bit major release  (build 9200)
| Command      : upgrade_ip
| Device       : xc7z020clg400-2
---------------------------------------------------------------------------------------------------------------------------------------------

Upgrade Log for IP 'system_ov5640_capture_data_0_1'

1. Summary
----------

SUCCESS in the upgrade of system_ov5640_capture_data_0_1 from alientek.com:user:ov5640_capture_data:1.0 (Rev. 3) to eternal_water:user:ov5640_driver:1.0 (Rev. 1)






Copyright 1986-2022 Xilinx, Inc. All Rights Reserved. Copyright 2022-2023 Advanced Micro Devices, Inc. All Rights Reserved.
---------------------------------------------------------------------------------------------------------------------------------------------
| Tool Version : Vivado v.2023.2 (win64) Build 4029153 Fri Oct 13 20:14:34 MDT 2023
| Date         : Tue Nov 12 10:19:37 2024
| Host         : zhengdt running 64-bit major release  (build 9200)
| Command      : upgrade_ip
| Device       : xc7z020clg400-2
---------------------------------------------------------------------------------------------------------------------------------------------

Upgrade Log for IP 'system_wtc_v2_0_0'

1. Summary
----------

SUCCESS in the upgrade of system_wtc_v2_0_0 (eternal_water:user:stereo_matching:3.1) from (Rev. 5) to (Rev. 6)






Copyright 1986-2022 Xilinx, Inc. All Rights Reserved. Copyright 2022-2023 Advanced Micro Devices, Inc. All Rights Reserved.
---------------------------------------------------------------------------------------------------------------------------------------------
| Tool Version : Vivado v.2023.2 (win64) Build 4029153 Fri Oct 13 20:14:34 MDT 2023
| Date         : Tue Nov 12 07:42:21 2024
| Host         : zhengdt running 64-bit major release  (build 9200)
| Command      : upgrade_ip
| Device       : xc7z020clg400-2
---------------------------------------------------------------------------------------------------------------------------------------------

Upgrade Log for IP 'system_wtc_v2_0_0'

1. Summary
----------

SUCCESS in the upgrade of system_wtc_v2_0_0 (eternal_water:user:stereo_matching:3.1) from (Rev. 4) to (Rev. 5)






Copyright 1986-2022 Xilinx, Inc. All Rights Reserved. Copyright 2022-2023 Advanced Micro Devices, Inc. All Rights Reserved.
---------------------------------------------------------------------------------------------------------------------------------------------
| Tool Version : Vivado v.2023.2 (win64) Build 4029153 Fri Oct 13 20:14:34 MDT 2023
| Date         : Tue Nov 12 07:41:14 2024
| Host         : zhengdt running 64-bit major release  (build 9200)
| Command      : upgrade_ip
| Device       : xc7z020clg400-2
---------------------------------------------------------------------------------------------------------------------------------------------

Upgrade Log for IP 'system_wtc_v2_0_0'

1. Summary
----------

SUCCESS in the update of system_wtc_v2_0_0 (eternal_water:user:stereo_matching:3.1 (Rev. 4)) to current project options.






Copyright 1986-2022 Xilinx, Inc. All Rights Reserved. Copyright 2022-2023 Advanced Micro Devices, Inc. All Rights Reserved.
---------------------------------------------------------------------------------------------------------------------------------------------
| Tool Version : Vivado v.2023.2 (win64) Build 4029153 Fri Oct 13 20:14:34 MDT 2023
| Date         : Tue Nov 12 07:40:06 2024
| Host         : zhengdt running 64-bit major release  (build 9200)
| Command      : upgrade_ip
| Device       : xc7z020clg400-2
---------------------------------------------------------------------------------------------------------------------------------------------

Upgrade Log for IP 'system_wtc_v2_0_0'

1. Summary
----------

SUCCESS in the upgrade of system_wtc_v2_0_0 (eternal_water:user:stereo_matching:3.1) from (Rev. 3) to (Rev. 4)






Copyright 1986-2022 Xilinx, Inc. All Rights Reserved. Copyright 2022-2023 Advanced Micro Devices, Inc. All Rights Reserved.
---------------------------------------------------------------------------------------------------------------------------------------------
| Tool Version : Vivado v.2023.2 (win64) Build 4029153 Fri Oct 13 20:14:34 MDT 2023
| Date         : Tue Nov 12 07:26:32 2024
| Host         : zhengdt running 64-bit major release  (build 9200)
| Command      : upgrade_ip
| Device       : xc7z020clg400-2
---------------------------------------------------------------------------------------------------------------------------------------------

Upgrade Log for IP 'system_wtc_v2_0_0'

1. Summary
----------

SUCCESS in the upgrade of system_wtc_v2_0_0 (eternal_water:user:stereo_matching:3.1) from (Rev. 2) to (Rev. 3)






Copyright 1986-2022 Xilinx, Inc. All Rights Reserved. Copyright 2022-2023 Advanced Micro Devices, Inc. All Rights Reserved.
---------------------------------------------------------------------------------------------------------------------------------------------
| Tool Version : Vivado v.2023.2 (win64) Build 4029153 Fri Oct 13 20:14:34 MDT 2023
| Date         : Tue Nov 12 07:22:05 2024
| Host         : zhengdt running 64-bit major release  (build 9200)
| Command      : upgrade_ip
| Device       : xc7z020clg400-2
---------------------------------------------------------------------------------------------------------------------------------------------

Upgrade Log for IP 'system_wtc_v2_0_0'

1. Summary
----------

SUCCESS in the upgrade of system_wtc_v2_0_0 (eternal_water:user:stereo_matching:3.1) from (Rev. 1) to (Rev. 2)






Copyright 1986-2022 Xilinx, Inc. All Rights Reserved. Copyright 2022-2023 Advanced Micro Devices, Inc. All Rights Reserved.
---------------------------------------------------------------------------------------------------------------------------------------------
| Tool Version : Vivado v.2023.2 (win64) Build 4029153 Fri Oct 13 20:14:34 MDT 2023
| Date         : Tue Nov 12 06:57:07 2024
| Host         : zhengdt running 64-bit major release  (build 9200)
| Command      : upgrade_ip
| Device       : xc7z020clg400-2
---------------------------------------------------------------------------------------------------------------------------------------------

Upgrade Log for IP 'system_wtc_v2_0_0'

1. Summary
----------

SUCCESS in the upgrade of system_wtc_v2_0_0 from eternal_water:user:stereo_matching:3.0 (Rev. 9) to eternal_water:user:stereo_matching:3.1 (Rev. 1)






Copyright 1986-2022 Xilinx, Inc. All Rights Reserved. Copyright 2022-2023 Advanced Micro Devices, Inc. All Rights Reserved.
---------------------------------------------------------------------------------------------------------------------------------------------
| Tool Version : Vivado v.2023.2 (win64) Build 4029153 Fri Oct 13 20:14:34 MDT 2023
| Date         : Tue Nov 12 06:34:42 2024
| Host         : zhengdt running 64-bit major release  (build 9200)
| Command      : upgrade_ip
| Device       : xc7z020clg400-2
---------------------------------------------------------------------------------------------------------------------------------------------

Upgrade Log for IP 'system_wtc_v2_0_0'

1. Summary
----------

CAUTION (success, with warnings) in the upgrade of system_wtc_v2_0_0 (eternal_water:user:stereo_matching:3.0) from (Rev. 6) to (Rev. 9)

After upgrade, an IP may have parameter and port differences compared to the original customization. Please review the parameters within the IP customization GUI to ensure proper functionality. Also, please review the updated IP instantiation template to ensure proper connectivity, and update your design if required.

2. Connection Warnings
----------------------

Detected external port differences while upgrading 'system_wtc_v2_0_0'. These changes may impact your design.


-Upgraded port 'data_out2' width 24 differs from original width 8







Copyright 1986-2022 Xilinx, Inc. All Rights Reserved. Copyright 2022-2023 Advanced Micro Devices, Inc. All Rights Reserved.
---------------------------------------------------------------------------------------------------------------------------------------------
| Tool Version : Vivado v.2023.2 (win64) Build 4029153 Fri Oct 13 20:14:34 MDT 2023
| Date         : Tue Nov 12 06:19:19 2024
| Host         : zhengdt running 64-bit major release  (build 9200)
| Command      : upgrade_ip
| Device       : xc7z020clg400-2
---------------------------------------------------------------------------------------------------------------------------------------------

Upgrade Log for IP 'system_wtc_v2_0_0'

1. Summary
----------

SUCCESS in the upgrade of system_wtc_v2_0_0 (eternal_water:user:stereo_matching:3.0) from (Rev. 5) to (Rev. 6)






Copyright 1986-2022 Xilinx, Inc. All Rights Reserved. Copyright 2022-2023 Advanced Micro Devices, Inc. All Rights Reserved.
---------------------------------------------------------------------------------------------------------------------------------------------
| Tool Version : Vivado v.2023.2 (win64) Build 4029153 Fri Oct 13 20:14:34 MDT 2023
| Date         : Tue Nov 12 05:59:34 2024
| Host         : zhengdt running 64-bit major release  (build 9200)
| Command      : upgrade_ip
| Device       : xc7z020clg400-2
---------------------------------------------------------------------------------------------------------------------------------------------

Upgrade Log for IP 'system_disp2rgb_0_0'

1. Summary
----------

SUCCESS in the upgrade of system_disp2rgb_0_0 (eternal_water:user:disp2rgb:1.0) from (Rev. 2) to (Rev. 3)






Copyright 1986-2022 Xilinx, Inc. All Rights Reserved. Copyright 2022-2023 Advanced Micro Devices, Inc. All Rights Reserved.
---------------------------------------------------------------------------------------------------------------------------------------------
| Tool Version : Vivado v.2023.2 (win64) Build 4029153 Fri Oct 13 20:14:34 MDT 2023
| Date         : Tue Nov 12 05:41:29 2024
| Host         : zhengdt running 64-bit major release  (build 9200)
| Command      : upgrade_ip
| Device       : xc7z020clg400-2
---------------------------------------------------------------------------------------------------------------------------------------------

Upgrade Log for IP 'system_wtc_v2_0_0'

1. Summary
----------

SUCCESS in the upgrade of system_wtc_v2_0_0 (eternal_water:user:stereo_matching:3.0) from (Rev. 4) to (Rev. 5)






Copyright 1986-2022 Xilinx, Inc. All Rights Reserved. Copyright 2022-2023 Advanced Micro Devices, Inc. All Rights Reserved.
---------------------------------------------------------------------------------------------------------------------------------------------
| Tool Version : Vivado v.2023.2 (win64) Build 4029153 Fri Oct 13 20:14:34 MDT 2023
| Date         : Tue Nov 12 05:36:18 2024
| Host         : zhengdt running 64-bit major release  (build 9200)
| Command      : upgrade_ip
| Device       : xc7z020clg400-2
---------------------------------------------------------------------------------------------------------------------------------------------

Upgrade Log for IP 'system_disp2rgb_0_0'

1. Summary
----------

SUCCESS in the upgrade of system_disp2rgb_0_0 (eternal_water:user:disp2rgb:1.0) from (Rev. 1) to (Rev. 2)






Copyright 1986-2022 Xilinx, Inc. All Rights Reserved. Copyright 2022-2023 Advanced Micro Devices, Inc. All Rights Reserved.
---------------------------------------------------------------------------------------------------------------------------------------------
| Tool Version : Vivado v.2023.2 (win64) Build 4029153 Fri Oct 13 20:14:34 MDT 2023
| Date         : Tue Nov 12 05:19:37 2024
| Host         : zhengdt running 64-bit major release  (build 9200)
| Command      : upgrade_ip
| Device       : xc7z020clg400-2
---------------------------------------------------------------------------------------------------------------------------------------------

Upgrade Log for IP 'system_wtc_v2_0_0'

1. Summary
----------

SUCCESS in the upgrade of system_wtc_v2_0_0 (eternal_water:user:stereo_matching:3.0) from (Rev. 3) to (Rev. 4)






Copyright 1986-2022 Xilinx, Inc. All Rights Reserved. Copyright 2022-2023 Advanced Micro Devices, Inc. All Rights Reserved.
---------------------------------------------------------------------------------------------------------------------------------------------
| Tool Version : Vivado v.2023.2 (win64) Build 4029153 Fri Oct 13 20:14:34 MDT 2023
| Date         : Tue Nov 12 04:53:40 2024
| Host         : zhengdt running 64-bit major release  (build 9200)
| Command      : upgrade_ip
| Device       : xc7z020clg400-2
---------------------------------------------------------------------------------------------------------------------------------------------

Upgrade Log for IP 'system_wtc_v2_0_0'

1. Summary
----------

SUCCESS in the upgrade of system_wtc_v2_0_0 (eternal_water:user:stereo_matching:3.0) from (Rev. 2) to (Rev. 3)






Copyright 1986-2022 Xilinx, Inc. All Rights Reserved. Copyright 2022-2023 Advanced Micro Devices, Inc. All Rights Reserved.
---------------------------------------------------------------------------------------------------------------------------------------------
| Tool Version : Vivado v.2023.2 (win64) Build 4029153 Fri Oct 13 20:14:34 MDT 2023
| Date         : Tue Nov 12 04:05:27 2024
| Host         : zhengdt running 64-bit major release  (build 9200)
| Command      : upgrade_ip
| Device       : xc7z020clg400-2
---------------------------------------------------------------------------------------------------------------------------------------------

Upgrade Log for IP 'system_wtc_v2_0_0'

1. Summary
----------

SUCCESS in the upgrade of system_wtc_v2_0_0 (eternal_water:user:stereo_matching:3.0) from (Rev. 1) to (Rev. 2)






Copyright 1986-2022 Xilinx, Inc. All Rights Reserved. Copyright 2022-2023 Advanced Micro Devices, Inc. All Rights Reserved.
---------------------------------------------------------------------------------------------------------------------------------------------
| Tool Version : Vivado v.2023.2 (win64) Build 4029153 Fri Oct 13 20:14:34 MDT 2023
| Date         : Tue Nov 12 03:09:16 2024
| Host         : zhengdt running 64-bit major release  (build 9200)
| Command      : upgrade_ip
| Device       : xc7z020clg400-2
---------------------------------------------------------------------------------------------------------------------------------------------

Upgrade Log for IP 'system_wtc_v2_0_0'

1. Summary
----------

SUCCESS in the upgrade of system_wtc_v2_0_0 from eternal_water:user:wtc_v2:3.0 (Rev. 16) to eternal_water:user:stereo_matching:3.0 (Rev. 1)

